weighttp -n 5000000 -c 128 -t 8 -k http://10.0.1.3:8080/json
weighttp 0.3 - a lightweight and simple webserver benchmarking tool

starting benchmark...
spawning thread #1: 16 concurrent requests, 625000 total requests
spawning thread #2: 16 concurrent requests, 625000 total requests
spawning thread #3: 16 concurrent requests, 625000 total requests
spawning thread #4: 16 concurrent requests, 625000 total requests
spawning thread #5: 16 concurrent requests, 625000 total requests
spawning thread #6: 16 concurrent requests, 625000 total requests
spawning thread #7: 16 concurrent requests, 625000 total requests
spawning thread #8: 16 concurrent requests, 625000 total requests
progress:  10% done
progress:  20% done
progress:  30% done
progress:  40% done
progress:  50% done
progress:  60% done
progress:  70% done
progress:  80% done
progress:  90% done
progress: 100% done

finished in 31 sec, 446 millisec and 727 microsec, 158999 req/s, 46115 kbyte/s
requests: 5000000 total, 5000000 started, 5000000 done, 5000000 succeeded, 0 failed, 0 errored
status codes: 5000000 2xx, 0 3xx, 0 4xx, 0 5xx
traffic: 1485000000 bytes total, 1105000000 bytes http, 380000000 bytes data
wrk -c 128 -t 8 --latency -d 60 http://10.0.1.3:8080/json
